<?xml version="1.0" encoding="UTF-8"?>
<!-- Generated by org.testng.reporters.JUnitReportReporter -->
<testsuite hostname="PRAHLADAN-P50S" failures="0" tests="1" name="plastiq.qa_challenge.App" time="181.508" errors="0" timestamp="14 Jan 2019 02:42:28 GMT">
  <testcase classname="plastiq.qa_challenge.App" name="googleTest" time="181.508"/>
</testsuite> <!-- plastiq.qa_challenge.App -->
