<?xml version="1.0" encoding="UTF-8"?>
<!-- Generated by org.testng.reporters.JUnitReportReporter -->
<testsuite hostname="PRAHLADAN-P50S" failures="0" tests="1" name="plastiq.qa_challenge.AppTest" time="7.718" errors="0" timestamp="14 Jan 2019 03:30:34 GMT">
  <testcase classname="plastiq.qa_challenge.AppTest" name="googleTest" time="7.718"/>
</testsuite> <!-- plastiq.qa_challenge.AppTest -->
